{"meta": {"format": 3, "version": "7.13.0", "timestamp": "2025-12-22T12:58:57.600222", "branch_coverage": false, "show_contexts": false}, "files": {"discord_chat/__init__.py": {"executed_lines": [1, 3, 5, 6], "summary": {"covered_lines": 3, "num_statements": 3, "percent_covered": 100.0, "percent_covered_display": "100", "missing_lines": 0, "excluded_lines": 0, "percent_statements_covered": 100.0, "percent_statements_covered_display": "100"}, "missing_lines": [], "excluded_lines": [], "functions": {"": {"executed_lines": [1, 3, 5, 6], "summary": {"covered_lines": 3, "num_statements": 3, "percent_covered": 100.0, "percent_covered_display": "100", "missing_lines": 0, "excluded_lines": 0, "percent_statements_covered": 100.0, "percent_statements_covered_display": "100"}, "missing_lines": [], "excluded_lines": []}}, "classes": {"": {"executed_lines": [1, 3, 5, 6], "summary": {"covered_lines": 3, "num_statements": 3, "percent_covered": 100.0, "percent_covered_display": "100", "missing_lines": 0, "excluded_lines": 0, "percent_statements_covered": 100.0, "percent_statements_covered_display": "100"}, "missing_lines": [], "excluded_lines": []}}}, "discord_chat/commands/__init__.py": {"executed_lines": [0], "summary": {"covered_lines": 0, "num_statements": 0, "percent_covered": 100.0, "percent_covered_display": "100", "missing_lines": 0, "excluded_lines": 0, "percent_statements_covered": 100.0, "percent_statements_covered_display": "100"}, "missing_lines": [], "excluded_lines": [], "functions": {"": {"executed_lines": [], "summary": {"covered_lines": 0, "num_statements": 0, "percent_covered": 100.0, "percent_covered_display": "100", "missing_lines": 0, "excluded_lines": 0, "percent_statements_covered": 100.0, "percent_statements_covered_display": "100"}, "missing_lines": [], "excluded_lines": []}}, "classes": {"": {"executed_lines": [], "summary": {"covered_lines": 0, "num_statements": 0, "percent_covered": 100.0, "percent_covered_display": "100", "missing_lines": 0, "excluded_lines": 0, "percent_statements_covered": 100.0, "percent_statements_covered_display": "100"}, "missing_lines": [], "excluded_lines": []}}}, "discord_chat/commands/activity.py": {"executed_lines": [1, 3, 5, 7, 14, 15, 16, 23, 31, 32, 34, 35, 36, 37, 38, 39, 41, 42, 43, 46, 49, 50, 53, 54, 57, 58, 61, 62], "summary": {"covered_lines": 27, "num_statements": 27, "percent_covered": 100.0, "percent_covered_display": "100", "missing_lines": 0, "excluded_lines": 0, "percent_statements_covered": 100.0, "percent_statements_covered_display": "100"}, "missing_lines": [], "excluded_lines": [], "functions": {"activity": {"executed_lines": [31, 32, 34, 35, 36, 37, 38, 39, 41, 42, 43, 46, 49, 50, 53, 54, 57, 58, 61, 62], "summary": {"covered_lines": 20, "num_statements": 20, "percent_covered": 100.0, "percent_covered_display": "100", "missing_lines": 0, "excluded_lines": 0, "percent_statements_covered": 100.0, "percent_statements_covered_display": "100"}, "missing_lines": [], "excluded_lines": []}, "": {"executed_lines": [1, 3, 5, 7, 14, 15, 16, 23], "summary": {"covered_lines": 7, "num_statements": 7, "percent_covered": 100.0, "percent_covered_display": "100", "missing_lines": 0, "excluded_lines": 0, "percent_statements_covered": 100.0, "percent_statements_covered_display": "100"}, "missing_lines": [], "excluded_lines": []}}, "classes": {"": {"executed_lines": [1, 3, 5, 7, 14, 15, 16, 23, 31, 32, 34, 35, 36, 37, 38, 39, 41, 42, 43, 46, 49, 50, 53, 54, 57, 58, 61, 62], "summary": {"covered_lines": 27, "num_statements": 27, "percent_covered": 100.0, "percent_covered_display": "100", "missing_lines": 0, "excluded_lines": 0, "percent_statements_covered": 100.0, "percent_statements_covered_display": "100"}, "missing_lines": [], "excluded_lines": []}}}, "discord_chat/commands/digest.py": {"executed_lines": [1, 3, 4, 5, 6, 7, 8, 10, 12, 17, 18, 26, 29, 30, 33, 34, 49, 50, 51, 53, 54, 55, 56, 57, 58, 65, 78, 88, 89, 101, 102, 104, 107, 108, 109, 116, 123, 130, 136, 143, 157, 160, 161, 167, 168, 171, 176, 177, 183, 184, 185, 187, 188, 191, 192, 195, 201, 202, 203, 205, 208, 209, 214, 215, 218, 219, 220, 221, 222, 223, 224, 225, 226, 227, 228, 229, 232, 233, 234, 245, 248, 249, 250, 251, 254, 255, 256, 257, 259, 260, 261], "summary": {"covered_lines": 90, "num_statements": 111, "percent_covered": 81.08108108108108, "percent_covered_display": "81", "missing_lines": 21, "excluded_lines": 0, "percent_statements_covered": 81.08108108108108, "percent_statements_covered_display": "81"}, "missing_lines": [59, 60, 61, 62, 80, 81, 94, 96, 97, 99, 162, 163, 164, 196, 197, 198, 199, 210, 211, 241, 242], "excluded_lines": [], "functions": {"progress_status": {"executed_lines": [49, 50, 51, 53, 54, 55, 56, 57, 58], "summary": {"covered_lines": 9, "num_statements": 13, "percent_covered": 69.23076923076923, "percent_covered_display": "69", "missing_lines": 4, "excluded_lines": 0, "percent_statements_covered": 69.23076923076923, "percent_statements_covered_display": "69"}, "missing_lines": [59, 60, 61, 62], "excluded_lines": []}, "write_file_secure": {"executed_lines": [78, 88, 89, 101, 102, 104], "summary": {"covered_lines": 6, "num_statements": 12, "percent_covered": 50.0, "percent_covered_display": "50", "missing_lines": 6, "excluded_lines": 0, "percent_statements_covered": 50.0, "percent_statements_covered_display": "50"}, "missing_lines": [80, 81, 94, 96, 97, 99], "excluded_lines": []}, "digest": {"executed_lines": [157, 160, 161, 167, 168, 171, 176, 177, 183, 187, 188, 191, 192, 195, 201, 202, 203, 205, 208, 209, 214, 215, 218, 219, 220, 221, 222, 223, 224, 225, 226, 227, 228, 229, 232, 233, 234, 245, 248, 249, 250, 251, 254, 255, 256, 257, 259, 260, 261], "summary": {"covered_lines": 49, "num_statements": 60, "percent_covered": 81.66666666666667, "percent_covered_display": "82", "missing_lines": 11, "excluded_lines": 0, "percent_statements_covered": 81.66666666666667, "percent_statements_covered_display": "82"}, "missing_lines": [162, 163, 164, 196, 197, 198, 199, 210, 211, 241, 242], "excluded_lines": []}, "digest.echo": {"executed_lines": [184, 185], "summary": {"covered_lines": 2, "num_statements": 2, "percent_covered": 100.0, "percent_covered_display": "100", "missing_lines": 0, "excluded_lines": 0, "percent_statements_covered": 100.0, "percent_statements_covered_display": "100"}, "missing_lines": [], "excluded_lines": []}, "": {"executed_lines": [1, 3, 4, 5, 6, 7, 8, 10, 12, 17, 18, 26, 29, 30, 33, 34, 65, 107, 108, 109, 116, 123, 130, 136, 143], "summary": {"covered_lines": 24, "num_statements": 24, "percent_covered": 100.0, "percent_covered_display": "100", "missing_lines": 0, "excluded_lines": 0, "percent_statements_covered": 100.0, "percent_statements_covered_display": "100"}, "missing_lines": [], "excluded_lines": []}}, "classes": {"": {"executed_lines": [1, 3, 4, 5, 6, 7, 8, 10, 12, 17, 18, 26, 29, 30, 33, 34, 49, 50, 51, 53, 54, 55, 56, 57, 58, 65, 78, 88, 89, 101, 102, 104, 107, 108, 109, 116, 123, 130, 136, 143, 157, 160, 161, 167, 168, 171, 176, 177, 183, 184, 185, 187, 188, 191, 192, 195, 201, 202, 203, 205, 208, 209, 214, 215, 218, 219, 220, 221, 222, 223, 224, 225, 226, 227, 228, 229, 232, 233, 234, 245, 248, 249, 250, 251, 254, 255, 256, 257, 259, 260, 261], "summary": {"covered_lines": 90, "num_statements": 111, "percent_covered": 81.08108108108108, "percent_covered_display": "81", "missing_lines": 21, "excluded_lines": 0, "percent_statements_covered": 81.08108108108108, "percent_statements_covered_display": "81"}, "missing_lines": [59, 60, 61, 62, 80, 81, 94, 96, 97, 99, 162, 163, 164, 196, 197, 198, 199, 210, 211, 241, 242], "excluded_lines": []}}}, "discord_chat/commands/version.py": {"executed_lines": [1, 3, 5, 7, 8, 13, 15, 17, 20, 21, 23, 26, 27, 29], "summary": {"covered_lines": 13, "num_statements": 16, "percent_covered": 81.25, "percent_covered_display": "81", "missing_lines": 3, "excluded_lines": 0, "percent_statements_covered": 81.25, "percent_statements_covered_display": "81"}, "missing_lines": [9, 10, 18], "excluded_lines": [], "functions": {"get_version": {"executed_lines": [15, 17, 20, 21, 23], "summary": {"covered_lines": 5, "num_statements": 6, "percent_covered": 83.33333333333333, "percent_covered_display": "83", "missing_lines": 1, "excluded_lines": 0, "percent_statements_covered": 83.33333333333333, "percent_statements_covered_display": "83"}, "missing_lines": [18], "excluded_lines": []}, "version": {"executed_lines": [29], "summary": {"covered_lines": 1, "num_statements": 1, "percent_covered": 100.0, "percent_covered_display": "100", "missing_lines": 0, "excluded_lines": 0, "percent_statements_covered": 100.0, "percent_statements_covered_display": "100"}, "missing_lines": [], "excluded_lines": []}, "": {"executed_lines": [1, 3, 5, 7, 8, 13, 26, 27], "summary": {"covered_lines": 7, "num_statements": 9, "percent_covered": 77.77777777777777, "percent_covered_display": "78", "missing_lines": 2, "excluded_lines": 0, "percent_statements_covered": 77.77777777777777, "percent_statements_covered_display": "78"}, "missing_lines": [9, 10], "excluded_lines": []}}, "classes": {"": {"executed_lines": [1, 3, 5, 7, 8, 13, 15, 17, 20, 21, 23, 26, 27, 29], "summary": {"covered_lines": 13, "num_statements": 16, "percent_covered": 81.25, "percent_covered_display": "81", "missing_lines": 3, "excluded_lines": 0, "percent_statements_covered": 81.25, "percent_statements_covered_display": "81"}, "missing_lines": [9, 10, 18], "excluded_lines": []}}}, "discord_chat/services/__init__.py": {"executed_lines": [0], "summary": {"covered_lines": 0, "num_statements": 0, "percent_covered": 100.0, "percent_covered_display": "100", "missing_lines": 0, "excluded_lines": 0, "percent_statements_covered": 100.0, "percent_statements_covered_display": "100"}, "missing_lines": [], "excluded_lines": [], "functions": {"": {"executed_lines": [], "summary": {"covered_lines": 0, "num_statements": 0, "percent_covered": 100.0, "percent_covered_display": "100", "missing_lines": 0, "excluded_lines": 0, "percent_statements_covered": 100.0, "percent_statements_covered_display": "100"}, "missing_lines": [], "excluded_lines": []}}, "classes": {"": {"executed_lines": [], "summary": {"covered_lines": 0, "num_statements": 0, "percent_covered": 100.0, "percent_covered_display": "100", "missing_lines": 0, "excluded_lines": 0, "percent_statements_covered": 100.0, "percent_statements_covered_display": "100"}, "missing_lines": [], "excluded_lines": []}}}, "discord_chat/services/discord_client.py": {"executed_lines": [1, 3, 4, 5, 6, 7, 9, 11, 14, 15, 16, 18, 19, 20, 23, 24, 25, 27, 28, 29, 30, 31, 32, 35, 36, 38, 41, 42, 44, 47, 59, 60, 61, 62, 63, 64, 66, 67, 68, 69, 72, 73, 87, 88, 89, 90, 92, 93, 95, 102, 103, 105, 112, 113, 115, 124, 130, 131, 134, 135, 136, 137, 139, 140, 142, 143, 144, 145, 147, 148, 157, 158, 159, 163, 165, 166, 170, 172, 174, 175, 176, 177, 179, 191, 192, 193, 194, 197, 198, 199, 201, 202, 207, 223, 224, 226, 230, 231, 232, 233, 236, 237, 238, 241, 242, 243, 245, 262, 263, 265, 267, 268, 270, 273, 280, 282, 284, 301, 304, 306, 308, 309, 310, 311, 312, 315, 318, 319, 321, 340, 342, 343, 347, 349, 350, 351, 356, 365, 366, 368, 370, 372, 374, 377, 380, 384, 389, 390, 392, 402, 404, 405, 406, 407, 408, 410, 411, 416, 418, 420, 423, 425, 426, 427, 429, 430, 432, 438, 450, 451], "summary": {"covered_lines": 164, "num_statements": 164, "percent_covered": 100.0, "percent_covered_display": "100", "missing_lines": 0, "excluded_lines": 0, "percent_statements_covered": 100.0, "percent_statements_covered_display": "100"}, "missing_lines": [], "excluded_lines": [], "functions": {"_get_env_int": {"executed_lines": [59, 60, 61, 62, 63, 64, 66, 67, 68, 69], "summary": {"covered_lines": 10, "num_statements": 10, "percent_covered": 100.0, "percent_covered_display": "100", "missing_lines": 0, "excluded_lines": 0, "percent_statements_covered": 100.0, "percent_statements_covered_display": "100"}, "missing_lines": [], "excluded_lines": []}, "DiscordMessageFetcher.max_messages_per_channel": {"executed_lines": [95], "summary": {"covered_lines": 1, "num_statements": 1, "percent_covered": 100.0, "percent_covered_display": "100", "missing_lines": 0, "excluded_lines": 0, "percent_statements_covered": 100.0, "percent_statements_covered_display": "100"}, "missing_lines": [], "excluded_lines": []}, "DiscordMessageFetcher.max_concurrent_channels": {"executed_lines": [105], "summary": {"covered_lines": 1, "num_statements": 1, "percent_covered": 100.0, "percent_covered_display": "100", "missing_lines": 0, "excluded_lines": 0, "percent_statements_covered": 100.0, "percent_statements_covered_display": "100"}, "missing_lines": [], "excluded_lines": []}, "DiscordMessageFetcher.operation_timeout": {"executed_lines": [115], "summary": {"covered_lines": 1, "num_statements": 1, "percent_covered": 100.0, "percent_covered_display": "100", "missing_lines": 0, "excluded_lines": 0, "percent_statements_covered": 100.0, "percent_statements_covered_display": "100"}, "missing_lines": [], "excluded_lines": []}, "DiscordMessageFetcher.__init__": {"executed_lines": [130, 131, 134, 135, 136, 137, 139, 140, 142, 143], "summary": {"covered_lines": 10, "num_statements": 10, "percent_covered": 100.0, "percent_covered_display": "100", "missing_lines": 0, "excluded_lines": 0, "percent_statements_covered": 100.0, "percent_statements_covered_display": "100"}, "missing_lines": [], "excluded_lines": []}, "DiscordMessageFetcher.__init__.on_ready": {"executed_lines": [144, 145], "summary": {"covered_lines": 2, "num_statements": 2, "percent_covered": 100.0, "percent_covered_display": "100", "missing_lines": 0, "excluded_lines": 0, "percent_statements_covered": 100.0, "percent_statements_covered_display": "100"}, "missing_lines": [], "excluded_lines": []}, "DiscordMessageFetcher._load_token": {"executed_lines": [157, 158, 159, 163, 165, 166, 170], "summary": {"covered_lines": 7, "num_statements": 7, "percent_covered": 100.0, "percent_covered_display": "100", "missing_lines": 0, "excluded_lines": 0, "percent_statements_covered": 100.0, "percent_statements_covered_display": "100"}, "missing_lines": [], "excluded_lines": []}, "DiscordMessageFetcher._wait_until_ready": {"executed_lines": [174, 175, 176, 177], "summary": {"covered_lines": 4, "num_statements": 4, "percent_covered": 100.0, "percent_covered_display": "100", "missing_lines": 0, "excluded_lines": 0, "percent_statements_covered": 100.0, "percent_statements_covered_display": "100"}, "missing_lines": [], "excluded_lines": []}, "DiscordMessageFetcher._find_server_by_name": {"executed_lines": [191, 192, 193, 194, 197, 198, 199, 201, 202], "summary": {"covered_lines": 9, "num_statements": 9, "percent_covered": 100.0, "percent_covered_display": "100", "missing_lines": 0, "excluded_lines": 0, "percent_statements_covered": 100.0, "percent_statements_covered_display": "100"}, "missing_lines": [], "excluded_lines": []}, "DiscordMessageFetcher._fetch_channel_messages": {"executed_lines": [223, 224, 226, 230, 231, 232, 233, 236, 237, 238, 241, 242, 243, 245, 262, 263, 265, 267, 268, 270, 273, 280, 282], "summary": {"covered_lines": 23, "num_statements": 23, "percent_covered": 100.0, "percent_covered_display": "100", "missing_lines": 0, "excluded_lines": 0, "percent_statements_covered": 100.0, "percent_statements_covered_display": "100"}, "missing_lines": [], "excluded_lines": []}, "DiscordMessageFetcher._fetch_channels_with_rate_limiting": {"executed_lines": [301, 304, 306, 318, 319], "summary": {"covered_lines": 5, "num_statements": 5, "percent_covered": 100.0, "percent_covered_display": "100", "missing_lines": 0, "excluded_lines": 0, "percent_statements_covered": 100.0, "percent_statements_covered_display": "100"}, "missing_lines": [], "excluded_lines": []}, "DiscordMessageFetcher._fetch_channels_with_rate_limiting.fetch_with_semaphore": {"executed_lines": [308, 309, 310, 311, 312, 315], "summary": {"covered_lines": 6, "num_statements": 6, "percent_covered": 100.0, "percent_covered_display": "100", "missing_lines": 0, "excluded_lines": 0, "percent_statements_covered": 100.0, "percent_statements_covered_display": "100"}, "missing_lines": [], "excluded_lines": []}, "DiscordMessageFetcher.fetch_server_messages": {"executed_lines": [340, 342, 343, 347, 349, 350, 351], "summary": {"covered_lines": 7, "num_statements": 7, "percent_covered": 100.0, "percent_covered_display": "100", "missing_lines": 0, "excluded_lines": 0, "percent_statements_covered": 100.0, "percent_statements_covered_display": "100"}, "missing_lines": [], "excluded_lines": []}, "DiscordMessageFetcher._fetch_server_messages_impl": {"executed_lines": [365, 366, 368, 370, 372, 374, 377, 380, 384, 389, 390, 392, 402, 404, 405, 406, 407, 408, 410, 411, 416, 418, 420, 423, 425, 426, 427, 429, 430, 432], "summary": {"covered_lines": 30, "num_statements": 30, "percent_covered": 100.0, "percent_covered_display": "100", "missing_lines": 0, "excluded_lines": 0, "percent_statements_covered": 100.0, "percent_statements_covered_display": "100"}, "missing_lines": [], "excluded_lines": []}, "fetch_server_messages": {"executed_lines": [450, 451], "summary": {"covered_lines": 2, "num_statements": 2, "percent_covered": 100.0, "percent_covered_display": "100", "missing_lines": 0, "excluded_lines": 0, "percent_statements_covered": 100.0, "percent_statements_covered_display": "100"}, "missing_lines": [], "excluded_lines": []}, "": {"executed_lines": [1, 3, 4, 5, 6, 7, 9, 11, 14, 15, 16, 18, 19, 20, 23, 24, 25, 27, 28, 29, 30, 31, 32, 35, 36, 38, 41, 42, 44, 47, 72, 73, 87, 88, 89, 90, 92, 93, 102, 103, 112, 113, 124, 147, 148, 172, 179, 207, 284, 321, 356, 438], "summary": {"covered_lines": 46, "num_statements": 46, "percent_covered": 100.0, "percent_covered_display": "100", "missing_lines": 0, "excluded_lines": 0, "percent_statements_covered": 100.0, "percent_statements_covered_display": "100"}, "missing_lines": [], "excluded_lines": []}}, "classes": {"ChannelMessages": {"executed_lines": [], "summary": {"covered_lines": 0, "num_statements": 0, "percent_covered": 100.0, "percent_covered_display": "100", "missing_lines": 0, "excluded_lines": 0, "percent_statements_covered": 100.0, "percent_statements_covered_display": "100"}, "missing_lines": [], "excluded_lines": []}, "ServerDigestData": {"executed_lines": [], "summary": {"covered_lines": 0, "num_statements": 0, "percent_covered": 100.0, "percent_covered_display": "100", "missing_lines": 0, "excluded_lines": 0, "percent_statements_covered": 100.0, "percent_statements_covered_display": "100"}, "missing_lines": [], "excluded_lines": []}, "DiscordClientError": {"executed_lines": [], "summary": {"covered_lines": 0, "num_statements": 0, "percent_covered": 100.0, "percent_covered_display": "100", "missing_lines": 0, "excluded_lines": 0, "percent_statements_covered": 100.0, "percent_statements_covered_display": "100"}, "missing_lines": [], "excluded_lines": []}, "ServerNotFoundError": {"executed_lines": [], "summary": {"covered_lines": 0, "num_statements": 0, "percent_covered": 100.0, "percent_covered_display": "100", "missing_lines": 0, "excluded_lines": 0, "percent_statements_covered": 100.0, "percent_statements_covered_display": "100"}, "missing_lines": [], "excluded_lines": []}, "DiscordMessageFetcher": {"executed_lines": [95, 105, 115, 130, 131, 134, 135, 136, 137, 139, 140, 142, 143, 144, 145, 157, 158, 159, 163, 165, 166, 170, 174, 175, 176, 177, 191, 192, 193, 194, 197, 198, 199, 201, 202, 223, 224, 226, 230, 231, 232, 233, 236, 237, 238, 241, 242, 243, 245, 262, 263, 265, 267, 268, 270, 273, 280, 282, 301, 304, 306, 308, 309, 310, 311, 312, 315, 318, 319, 340, 342, 343, 347, 349, 350, 351, 365, 366, 368, 370, 372, 374, 377, 380, 384, 389, 390, 392, 402, 404, 405, 406, 407, 408, 410, 411, 416, 418, 420, 423, 425, 426, 427, 429, 430, 432], "summary": {"covered_lines": 106, "num_statements": 106, "percent_covered": 100.0, "percent_covered_display": "100", "missing_lines": 0, "excluded_lines": 0, "percent_statements_covered": 100.0, "percent_statements_covered_display": "100"}, "missing_lines": [], "excluded_lines": []}, "": {"executed_lines": [1, 3, 4, 5, 6, 7, 9, 11, 14, 15, 16, 18, 19, 20, 23, 24, 25, 27, 28, 29, 30, 31, 32, 35, 36, 38, 41, 42, 44, 47, 59, 60, 61, 62, 63, 64, 66, 67, 68, 69, 72, 73, 87, 88, 89, 90, 92, 93, 102, 103, 112, 113, 124, 147, 148, 172, 179, 207, 284, 321, 356, 438, 450, 451], "summary": {"covered_lines": 58, "num_statements": 58, "percent_covered": 100.0, "percent_covered_display": "100", "missing_lines": 0, "excluded_lines": 0, "percent_statements_covered": 100.0, "percent_statements_covered_display": "100"}, "missing_lines": [], "excluded_lines": []}}}, "discord_chat/services/llm/__init__.py": {"executed_lines": [1, 3, 4, 5, 7, 10, 16, 29, 30, 31, 32, 33, 35, 36, 37, 38, 42], "summary": {"covered_lines": 16, "num_statements": 21, "percent_covered": 76.19047619047619, "percent_covered_display": "76", "missing_lines": 5, "excluded_lines": 0, "percent_statements_covered": 76.19047619047619, "percent_statements_covered_display": "76"}, "missing_lines": [45, 46, 47, 48, 50], "excluded_lines": [], "functions": {"get_provider": {"executed_lines": [29, 30, 31, 32, 33, 35, 36, 37, 38, 42], "summary": {"covered_lines": 10, "num_statements": 15, "percent_covered": 66.66666666666667, "percent_covered_display": "67", "missing_lines": 5, "excluded_lines": 0, "percent_statements_covered": 66.66666666666667, "percent_statements_covered_display": "67"}, "missing_lines": [45, 46, 47, 48, 50], "excluded_lines": []}, "": {"executed_lines": [1, 3, 4, 5, 7, 10, 16], "summary": {"covered_lines": 6, "num_statements": 6, "percent_covered": 100.0, "percent_covered_display": "100", "missing_lines": 0, "excluded_lines": 0, "percent_statements_covered": 100.0, "percent_statements_covered_display": "100"}, "missing_lines": [], "excluded_lines": []}}, "classes": {"": {"executed_lines": [1, 3, 4, 5, 7, 10, 16, 29, 30, 31, 32, 33, 35, 36, 37, 38, 42], "summary": {"covered_lines": 16, "num_statements": 21, "percent_covered": 76.19047619047619, "percent_covered_display": "76", "missing_lines": 5, "excluded_lines": 0, "percent_statements_covered": 76.19047619047619, "percent_statements_covered_display": "76"}, "missing_lines": [45, 46, 47, 48, 50], "excluded_lines": []}}}, "discord_chat/services/llm/base.py": {"executed_lines": [1, 3, 6, 7, 9, 12, 13, 19, 20, 21, 25, 26, 27, 31, 32, 36, 37, 62, 64, 84, 98, 99, 102, 103, 104, 105, 107, 119, 120, 129, 133, 134, 137, 138, 139, 142, 153, 154, 155, 157, 159], "summary": {"covered_lines": 38, "num_statements": 43, "percent_covered": 88.37209302325581, "percent_covered_display": "88", "missing_lines": 5, "excluded_lines": 0, "percent_statements_covered": 88.37209302325581, "percent_statements_covered_display": "88"}, "missing_lines": [23, 29, 34, 60, 130], "excluded_lines": [], "functions": {"LLMProvider.name": {"executed_lines": [], "summary": {"covered_lines": 0, "num_statements": 1, "percent_covered": 0.0, "percent_covered_display": "0", "missing_lines": 1, "excluded_lines": 0, "percent_statements_covered": 0.0, "percent_statements_covered_display": "0"}, "missing_lines": [23], "excluded_lines": []}, "LLMProvider.required_env_var": {"executed_lines": [], "summary": {"covered_lines": 0, "num_statements": 1, "percent_covered": 0.0, "percent_covered_display": "0", "missing_lines": 1, "excluded_lines": 0, "percent_statements_covered": 0.0, "percent_statements_covered_display": "0"}, "missing_lines": [29], "excluded_lines": []}, "LLMProvider.is_available": {"executed_lines": [], "summary": {"covered_lines": 0, "num_statements": 1, "percent_covered": 0.0, "percent_covered_display": "0", "missing_lines": 1, "excluded_lines": 0, "percent_statements_covered": 0.0, "percent_statements_covered_display": "0"}, "missing_lines": [34], "excluded_lines": []}, "LLMProvider.generate_digest": {"executed_lines": [], "summary": {"covered_lines": 0, "num_statements": 1, "percent_covered": 0.0, "percent_covered_display": "0", "missing_lines": 1, "excluded_lines": 0, "percent_statements_covered": 0.0, "percent_statements_covered_display": "0"}, "missing_lines": [60], "excluded_lines": []}, "LLMProvider._get_system_prompt": {"executed_lines": [64], "summary": {"covered_lines": 1, "num_statements": 1, "percent_covered": 100.0, "percent_covered_display": "100", "missing_lines": 0, "excluded_lines": 0, "percent_statements_covered": 100.0, "percent_statements_covered_display": "100"}, "missing_lines": [], "excluded_lines": []}, "LLMProvider._get_user_prompt": {"executed_lines": [98, 99, 102, 103, 104, 105, 107], "summary": {"covered_lines": 7, "num_statements": 7, "percent_covered": 100.0, "percent_covered_display": "100", "missing_lines": 0, "excluded_lines": 0, "percent_statements_covered": 100.0, "percent_statements_covered_display": "100"}, "missing_lines": [], "excluded_lines": []}, "LLMProvider._sanitize_for_llm": {"executed_lines": [129, 133, 134, 137, 138, 139, 142, 153, 154, 155, 157, 159], "summary": {"covered_lines": 12, "num_statements": 13, "percent_covered": 92.3076923076923, "percent_covered_display": "92", "missing_lines": 1, "excluded_lines": 0, "percent_statements_covered": 92.3076923076923, "percent_statements_covered_display": "92"}, "missing_lines": [130], "excluded_lines": []}, "": {"executed_lines": [1, 3, 6, 7, 9, 12, 13, 19, 20, 21, 25, 26, 27, 31, 32, 36, 37, 62, 84, 119, 120], "summary": {"covered_lines": 18, "num_statements": 18, "percent_covered": 100.0, "percent_covered_display": "100", "missing_lines": 0, "excluded_lines": 0, "percent_statements_covered": 100.0, "percent_statements_covered_display": "100"}, "missing_lines": [], "excluded_lines": []}}, "classes": {"LLMError": {"executed_lines": [], "summary": {"covered_lines": 0, "num_statements": 0, "percent_covered": 100.0, "percent_covered_display": "100", "missing_lines": 0, "excluded_lines": 0, "percent_statements_covered": 100.0, "percent_statements_covered_display": "100"}, "missing_lines": [], "excluded_lines": []}, "LLMProvider": {"executed_lines": [64, 98, 99, 102, 103, 104, 105, 107, 129, 133, 134, 137, 138, 139, 142, 153, 154, 155, 157, 159], "summary": {"covered_lines": 20, "num_statements": 25, "percent_covered": 80.0, "percent_covered_display": "80", "missing_lines": 5, "excluded_lines": 0, "percent_statements_covered": 80.0, "percent_statements_covered_display": "80"}, "missing_lines": [23, 29, 34, 60, 130], "excluded_lines": []}, "": {"executed_lines": [1, 3, 6, 7, 9, 12, 13, 19, 20, 21, 25, 26, 27, 31, 32, 36, 37, 62, 84, 119, 120], "summary": {"covered_lines": 18, "num_statements": 18, "percent_covered": 100.0, "percent_covered_display": "100", "missing_lines": 0, "excluded_lines": 0, "percent_statements_covered": 100.0, "percent_statements_covered_display": "100"}, "missing_lines": [], "excluded_lines": []}}}, "discord_chat/services/llm/claude.py": {"executed_lines": [1, 3, 4, 6, 8, 11, 12, 14, 15, 17, 18, 19, 21, 22, 23, 25, 26, 28, 37, 39, 40, 41, 47, 48, 49, 50, 54, 55, 56, 58, 59, 78, 79, 80, 81, 82, 84, 86, 87, 88, 89, 90, 93, 94, 95, 96, 97, 98, 99, 100, 101, 102, 103, 104, 105, 106, 108, 109, 110, 115, 116, 117, 118, 119, 120, 121, 122, 123, 125, 126, 127, 128, 129, 130, 131, 132], "summary": {"covered_lines": 74, "num_statements": 78, "percent_covered": 94.87179487179488, "percent_covered_display": "95", "missing_lines": 4, "excluded_lines": 0, "percent_statements_covered": 94.87179487179488, "percent_statements_covered_display": "95"}, "missing_lines": [42, 43, 114, 124], "excluded_lines": [], "functions": {"ClaudeProvider.name": {"executed_lines": [19], "summary": {"covered_lines": 1, "num_statements": 1, "percent_covered": 100.0, "percent_covered_display": "100", "missing_lines": 0, "excluded_lines": 0, "percent_statements_covered": 100.0, "percent_statements_covered_display": "100"}, "missing_lines": [], "excluded_lines": []}, "ClaudeProvider.required_env_var": {"executed_lines": [23], "summary": {"covered_lines": 1, "num_statements": 1, "percent_covered": 100.0, "percent_covered_display": "100", "missing_lines": 0, "excluded_lines": 0, "percent_statements_covered": 100.0, "percent_statements_covered_display": "100"}, "missing_lines": [], "excluded_lines": []}, "ClaudeProvider.is_available": {"executed_lines": [26], "summary": {"covered_lines": 1, "num_statements": 1, "percent_covered": 100.0, "percent_covered_display": "100", "missing_lines": 0, "excluded_lines": 0, "percent_statements_covered": 100.0, "percent_statements_covered_display": "100"}, "missing_lines": [], "excluded_lines": []}, "ClaudeProvider.generate_digest": {"executed_lines": [37, 39, 40, 41, 47, 48, 49, 50, 54, 55, 56, 58, 59, 78, 79, 80, 81, 82, 84, 86, 87, 88, 89, 90, 93, 94, 95, 96, 97, 98, 99, 100, 101, 102, 103, 104, 105, 106, 108, 109, 110, 115, 116, 117, 118, 119, 120, 121, 122, 123, 125, 126, 127, 128, 129, 130, 131, 132], "summary": {"covered_lines": 58, "num_statements": 62, "percent_covered": 93.54838709677419, "percent_covered_display": "94", "missing_lines": 4, "excluded_lines": 0, "percent_statements_covered": 93.54838709677419, "percent_statements_covered_display": "94"}, "missing_lines": [42, 43, 114, 124], "excluded_lines": []}, "": {"executed_lines": [1, 3, 4, 6, 8, 11, 12, 14, 15, 17, 18, 21, 22, 25, 28], "summary": {"covered_lines": 13, "num_statements": 13, "percent_covered": 100.0, "percent_covered_display": "100", "missing_lines": 0, "excluded_lines": 0, "percent_statements_covered": 100.0, "percent_statements_covered_display": "100"}, "missing_lines": [], "excluded_lines": []}}, "classes": {"ClaudeProvider": {"executed_lines": [19, 23, 26, 37, 39, 40, 41, 47, 48, 49, 50, 54, 55, 56, 58, 59, 78, 79, 80, 81, 82, 84, 86, 87, 88, 89, 90, 93, 94, 95, 96, 97, 98, 99, 100, 101, 102, 103, 104, 105, 106, 108, 109, 110, 115, 116, 117, 118, 119, 120, 121, 122, 123, 125, 126, 127, 128, 129, 130, 131, 132], "summary": {"covered_lines": 61, "num_statements": 65, "percent_covered": 93.84615384615384, "percent_covered_display": "94", "missing_lines": 4, "excluded_lines": 0, "percent_statements_covered": 93.84615384615384, "percent_statements_covered_display": "94"}, "missing_lines": [42, 43, 114, 124], "excluded_lines": []}, "": {"executed_lines": [1, 3, 4, 6, 8, 11, 12, 14, 15, 17, 18, 21, 22, 25, 28], "summary": {"covered_lines": 13, "num_statements": 13, "percent_covered": 100.0, "percent_covered_display": "100", "missing_lines": 0, "excluded_lines": 0, "percent_statements_covered": 100.0, "percent_statements_covered_display": "100"}, "missing_lines": [], "excluded_lines": []}}}, "discord_chat/services/llm/openai_provider.py": {"executed_lines": [1, 3, 4, 6, 8, 11, 12, 14, 15, 17, 18, 19, 21, 22, 23, 25, 26, 28, 37, 39, 40, 41, 45, 46, 47, 48, 52, 53, 54, 56, 57, 76, 77, 78, 79, 80, 81, 82, 84, 86, 87, 88, 89, 90, 93, 94, 95, 96, 97, 98, 99, 100, 101, 102, 103, 104, 105, 106, 107, 108, 109, 114, 115, 116, 117, 118, 119, 120, 121, 122, 124, 125, 126, 127, 128, 129, 130, 131], "summary": {"covered_lines": 76, "num_statements": 80, "percent_covered": 95.0, "percent_covered_display": "95", "missing_lines": 4, "excluded_lines": 0, "percent_statements_covered": 95.0, "percent_statements_covered_display": "95"}, "missing_lines": [42, 43, 113, 123], "excluded_lines": [], "functions": {"OpenAIProvider.name": {"executed_lines": [19], "summary": {"covered_lines": 1, "num_statements": 1, "percent_covered": 100.0, "percent_covered_display": "100", "missing_lines": 0, "excluded_lines": 0, "percent_statements_covered": 100.0, "percent_statements_covered_display": "100"}, "missing_lines": [], "excluded_lines": []}, "OpenAIProvider.required_env_var": {"executed_lines": [23], "summary": {"covered_lines": 1, "num_statements": 1, "percent_covered": 100.0, "percent_covered_display": "100", "missing_lines": 0, "excluded_lines": 0, "percent_statements_covered": 100.0, "percent_statements_covered_display": "100"}, "missing_lines": [], "excluded_lines": []}, "OpenAIProvider.is_available": {"executed_lines": [26], "summary": {"covered_lines": 1, "num_statements": 1, "percent_covered": 100.0, "percent_covered_display": "100", "missing_lines": 0, "excluded_lines": 0, "percent_statements_covered": 100.0, "percent_statements_covered_display": "100"}, "missing_lines": [], "excluded_lines": []}, "OpenAIProvider.generate_digest": {"executed_lines": [37, 39, 40, 41, 45, 46, 47, 48, 52, 53, 54, 56, 57, 76, 77, 78, 79, 80, 81, 82, 84, 86, 87, 88, 89, 90, 93, 94, 95, 96, 97, 98, 99, 100, 101, 102, 103, 104, 105, 106, 107, 108, 109, 114, 115, 116, 117, 118, 119, 120, 121, 122, 124, 125, 126, 127, 128, 129, 130, 131], "summary": {"covered_lines": 60, "num_statements": 64, "percent_covered": 93.75, "percent_covered_display": "94", "missing_lines": 4, "excluded_lines": 0, "percent_statements_covered": 93.75, "percent_statements_covered_display": "94"}, "missing_lines": [42, 43, 113, 123], "excluded_lines": []}, "": {"executed_lines": [1, 3, 4, 6, 8, 11, 12, 14, 15, 17, 18, 21, 22, 25, 28], "summary": {"covered_lines": 13, "num_statements": 13, "percent_covered": 100.0, "percent_covered_display": "100", "missing_lines": 0, "excluded_lines": 0, "percent_statements_covered": 100.0, "percent_statements_covered_display": "100"}, "missing_lines": [], "excluded_lines": []}}, "classes": {"OpenAIProvider": {"executed_lines": [19, 23, 26, 37, 39, 40, 41, 45, 46, 47, 48, 52, 53, 54, 56, 57, 76, 77, 78, 79, 80, 81, 82, 84, 86, 87, 88, 89, 90, 93, 94, 95, 96, 97, 98, 99, 100, 101, 102, 103, 104, 105, 106, 107, 108, 109, 114, 115, 116, 117, 118, 119, 120, 121, 122, 124, 125, 126, 127, 128, 129, 130, 131], "summary": {"covered_lines": 63, "num_statements": 67, "percent_covered": 94.02985074626865, "percent_covered_display": "94", "missing_lines": 4, "excluded_lines": 0, "percent_statements_covered": 94.02985074626865, "percent_statements_covered_display": "94"}, "missing_lines": [42, 43, 113, 123], "excluded_lines": []}, "": {"executed_lines": [1, 3, 4, 6, 8, 11, 12, 14, 15, 17, 18, 21, 22, 25, 28], "summary": {"covered_lines": 13, "num_statements": 13, "percent_covered": 100.0, "percent_covered_display": "100", "missing_lines": 0, "excluded_lines": 0, "percent_statements_covered": 100.0, "percent_statements_covered_display": "100"}, "missing_lines": [], "excluded_lines": []}}}, "discord_chat/utils/__init__.py": {"executed_lines": [0], "summary": {"covered_lines": 0, "num_statements": 0, "percent_covered": 100.0, "percent_covered_display": "100", "missing_lines": 0, "excluded_lines": 0, "percent_statements_covered": 100.0, "percent_statements_covered_display": "100"}, "missing_lines": [], "excluded_lines": [], "functions": {"": {"executed_lines": [], "summary": {"covered_lines": 0, "num_statements": 0, "percent_covered": 100.0, "percent_covered_display": "100", "missing_lines": 0, "excluded_lines": 0, "percent_statements_covered": 100.0, "percent_statements_covered_display": "100"}, "missing_lines": [], "excluded_lines": []}}, "classes": {"": {"executed_lines": [], "summary": {"covered_lines": 0, "num_statements": 0, "percent_covered": 100.0, "percent_covered_display": "100", "missing_lines": 0, "excluded_lines": 0, "percent_statements_covered": 100.0, "percent_statements_covered_display": "100"}, "missing_lines": [], "excluded_lines": []}}}, "discord_chat/utils/digest_formatter.py": {"executed_lines": [1, 3, 5, 8, 9, 11, 14, 26, 27, 30, 33, 34, 39, 40, 45, 46, 50, 53, 62, 63, 65, 66, 67, 68, 70, 71, 72, 73, 76, 79, 80, 81, 83, 85, 88, 98, 99, 100, 103, 113, 114, 116, 129, 144, 145, 148, 161, 165, 166, 169, 172, 175, 176, 179, 182], "summary": {"covered_lines": 53, "num_statements": 55, "percent_covered": 96.36363636363636, "percent_covered_display": "96", "missing_lines": 2, "excluded_lines": 0, "percent_statements_covered": 96.36363636363636, "percent_statements_covered_display": "96"}, "missing_lines": [173, 180], "excluded_lines": [], "functions": {"validate_server_name": {"executed_lines": [26, 27, 30, 33, 34, 39, 40, 45, 46, 50], "summary": {"covered_lines": 10, "num_statements": 10, "percent_covered": 100.0, "percent_covered_display": "100", "missing_lines": 0, "excluded_lines": 0, "percent_statements_covered": 100.0, "percent_statements_covered_display": "100"}, "missing_lines": [], "excluded_lines": []}, "format_messages_for_llm": {"executed_lines": [62, 63, 65, 66, 67, 68, 70, 71, 72, 73, 76, 79, 80, 81, 83, 85], "summary": {"covered_lines": 16, "num_statements": 16, "percent_covered": 100.0, "percent_covered_display": "100", "missing_lines": 0, "excluded_lines": 0, "percent_statements_covered": 100.0, "percent_statements_covered_display": "100"}, "missing_lines": [], "excluded_lines": []}, "format_time_range": {"executed_lines": [98, 99, 100], "summary": {"covered_lines": 3, "num_statements": 3, "percent_covered": 100.0, "percent_covered_display": "100", "missing_lines": 0, "excluded_lines": 0, "percent_statements_covered": 100.0, "percent_statements_covered_display": "100"}, "missing_lines": [], "excluded_lines": []}, "create_digest_header": {"executed_lines": [113, 114, 116], "summary": {"covered_lines": 3, "num_statements": 3, "percent_covered": 100.0, "percent_covered_display": "100", "missing_lines": 0, "excluded_lines": 0, "percent_statements_covered": 100.0, "percent_statements_covered_display": "100"}, "missing_lines": [], "excluded_lines": []}, "create_full_digest": {"executed_lines": [144, 145], "summary": {"covered_lines": 2, "num_statements": 2, "percent_covered": 100.0, "percent_covered_display": "100", "missing_lines": 0, "excluded_lines": 0, "percent_statements_covered": 100.0, "percent_statements_covered_display": "100"}, "missing_lines": [], "excluded_lines": []}, "get_default_output_filename": {"executed_lines": [161, 165, 166, 169, 172, 175, 176, 179, 182], "summary": {"covered_lines": 9, "num_statements": 11, "percent_covered": 81.81818181818181, "percent_covered_display": "82", "missing_lines": 2, "excluded_lines": 0, "percent_statements_covered": 81.81818181818181, "percent_statements_covered_display": "82"}, "missing_lines": [173, 180], "excluded_lines": []}, "": {"executed_lines": [1, 3, 5, 8, 9, 11, 14, 53, 88, 103, 129, 148], "summary": {"covered_lines": 10, "num_statements": 10, "percent_covered": 100.0, "percent_covered_display": "100", "missing_lines": 0, "excluded_lines": 0, "percent_statements_covered": 100.0, "percent_statements_covered_display": "100"}, "missing_lines": [], "excluded_lines": []}}, "classes": {"InvalidServerNameError": {"executed_lines": [], "summary": {"covered_lines": 0, "num_statements": 0, "percent_covered": 100.0, "percent_covered_display": "100", "missing_lines": 0, "excluded_lines": 0, "percent_statements_covered": 100.0, "percent_statements_covered_display": "100"}, "missing_lines": [], "excluded_lines": []}, "": {"executed_lines": [1, 3, 5, 8, 9, 11, 14, 26, 27, 30, 33, 34, 39, 40, 45, 46, 50, 53, 62, 63, 65, 66, 67, 68, 70, 71, 72, 73, 76, 79, 80, 81, 83, 85, 88, 98, 99, 100, 103, 113, 114, 116, 129, 144, 145, 148, 161, 165, 166, 169, 172, 175, 176, 179, 182], "summary": {"covered_lines": 53, "num_statements": 55, "percent_covered": 96.36363636363636, "percent_covered_display": "96", "missing_lines": 2, "excluded_lines": 0, "percent_statements_covered": 96.36363636363636, "percent_statements_covered_display": "96"}, "missing_lines": [173, 180], "excluded_lines": []}}}, "discord_chat/utils/security_logger.py": {"executed_lines": [1, 7, 8, 9, 10, 11, 12, 13, 14, 17, 18, 20, 21, 22, 23, 24, 25, 26, 27, 30, 31, 33, 39, 40, 42, 45, 47, 48, 49, 52, 53, 56, 57, 59, 60, 64, 70, 71, 73, 89, 96, 97, 100, 102, 110, 111, 112, 113, 114, 116, 117, 119, 134, 135, 140, 141, 143, 145, 152, 153, 154, 156, 164, 166, 167, 168, 170, 178, 179, 180, 181, 183, 185, 193, 194, 196, 197, 206, 207, 216, 218, 219, 221, 222, 224, 226, 230, 233, 240, 241, 242], "summary": {"covered_lines": 88, "num_statements": 88, "percent_covered": 100.0, "percent_covered_display": "100", "missing_lines": 0, "excluded_lines": 0, "percent_statements_covered": 100.0, "percent_statements_covered_display": "100"}, "missing_lines": [], "excluded_lines": [], "functions": {"SecurityLogger.__init__": {"executed_lines": [39, 40, 42, 45, 47, 48, 49, 52, 53, 56, 57, 59, 60, 64, 70, 71], "summary": {"covered_lines": 16, "num_statements": 16, "percent_covered": 100.0, "percent_covered_display": "100", "missing_lines": 0, "excluded_lines": 0, "percent_statements_covered": 100.0, "percent_statements_covered_display": "100"}, "missing_lines": [], "excluded_lines": []}, "SecurityLogger.log_event": {"executed_lines": [89, 96, 97, 100], "summary": {"covered_lines": 4, "num_statements": 4, "percent_covered": 100.0, "percent_covered_display": "100", "missing_lines": 0, "excluded_lines": 0, "percent_statements_covered": 100.0, "percent_statements_covered_display": "100"}, "missing_lines": [], "excluded_lines": []}, "SecurityLogger.log_auth_attempt": {"executed_lines": [110, 111, 112, 113, 114, 116, 117], "summary": {"covered_lines": 7, "num_statements": 7, "percent_covered": 100.0, "percent_covered_display": "100", "missing_lines": 0, "excluded_lines": 0, "percent_statements_covered": 100.0, "percent_statements_covered_display": "100"}, "missing_lines": [], "excluded_lines": []}, "SecurityLogger.log_api_call": {"executed_lines": [134, 135, 140, 141, 143], "summary": {"covered_lines": 5, "num_statements": 5, "percent_covered": 100.0, "percent_covered_display": "100", "missing_lines": 0, "excluded_lines": 0, "percent_statements_covered": 100.0, "percent_statements_covered_display": "100"}, "missing_lines": [], "excluded_lines": []}, "SecurityLogger.log_rate_limit": {"executed_lines": [152, 153, 154], "summary": {"covered_lines": 3, "num_statements": 3, "percent_covered": 100.0, "percent_covered_display": "100", "missing_lines": 0, "excluded_lines": 0, "percent_statements_covered": 100.0, "percent_statements_covered_display": "100"}, "missing_lines": [], "excluded_lines": []}, "SecurityLogger.log_input_validation_failure": {"executed_lines": [164, 166, 167, 168], "summary": {"covered_lines": 4, "num_statements": 4, "percent_covered": 100.0, "percent_covered_display": "100", "missing_lines": 0, "excluded_lines": 0, "percent_statements_covered": 100.0, "percent_statements_covered_display": "100"}, "missing_lines": [], "excluded_lines": []}, "SecurityLogger.log_file_operation": {"executed_lines": [178, 179, 180, 181, 183], "summary": {"covered_lines": 5, "num_statements": 5, "percent_covered": 100.0, "percent_covered_display": "100", "missing_lines": 0, "excluded_lines": 0, "percent_statements_covered": 100.0, "percent_statements_covered_display": "100"}, "missing_lines": [], "excluded_lines": []}, "SecurityLogger.log_error": {"executed_lines": [193, 194], "summary": {"covered_lines": 2, "num_statements": 2, "percent_covered": 100.0, "percent_covered_display": "100", "missing_lines": 0, "excluded_lines": 0, "percent_statements_covered": 100.0, "percent_statements_covered_display": "100"}, "missing_lines": [], "excluded_lines": []}, "SecurityLogger._sanitize_details": {"executed_lines": [206, 207, 216, 218, 219, 221, 222, 224, 226], "summary": {"covered_lines": 9, "num_statements": 9, "percent_covered": 100.0, "percent_covered_display": "100", "missing_lines": 0, "excluded_lines": 0, "percent_statements_covered": 100.0, "percent_statements_covered_display": "100"}, "missing_lines": [], "excluded_lines": []}, "get_security_logger": {"executed_lines": [240, 241, 242], "summary": {"covered_lines": 3, "num_statements": 3, "percent_covered": 100.0, "percent_covered_display": "100", "missing_lines": 0, "excluded_lines": 0, "percent_statements_covered": 100.0, "percent_statements_covered_display": "100"}, "missing_lines": [], "excluded_lines": []}, "": {"executed_lines": [1, 7, 8, 9, 10, 11, 12, 13, 14, 17, 18, 20, 21, 22, 23, 24, 25, 26, 27, 30, 31, 33, 73, 102, 119, 145, 156, 170, 185, 196, 197, 230, 233], "summary": {"covered_lines": 30, "num_statements": 30, "percent_covered": 100.0, "percent_covered_display": "100", "missing_lines": 0, "excluded_lines": 0, "percent_statements_covered": 100.0, "percent_statements_covered_display": "100"}, "missing_lines": [], "excluded_lines": []}}, "classes": {"SecurityEventType": {"executed_lines": [], "summary": {"covered_lines": 0, "num_statements": 0, "percent_covered": 100.0, "percent_covered_display": "100", "missing_lines": 0, "excluded_lines": 0, "percent_statements_covered": 100.0, "percent_statements_covered_display": "100"}, "missing_lines": [], "excluded_lines": []}, "SecurityLogger": {"executed_lines": [39, 40, 42, 45, 47, 48, 49, 52, 53, 56, 57, 59, 60, 64, 70, 71, 89, 96, 97, 100, 110, 111, 112, 113, 114, 116, 117, 134, 135, 140, 141, 143, 152, 153, 154, 164, 166, 167, 168, 178, 179, 180, 181, 183, 193, 194, 206, 207, 216, 218, 219, 221, 222, 224, 226], "summary": {"covered_lines": 55, "num_statements": 55, "percent_covered": 100.0, "percent_covered_display": "100", "missing_lines": 0, "excluded_lines": 0, "percent_statements_covered": 100.0, "percent_statements_covered_display": "100"}, "missing_lines": [], "excluded_lines": []}, "": {"executed_lines": [1, 7, 8, 9, 10, 11, 12, 13, 14, 17, 18, 20, 21, 22, 23, 24, 25, 26, 27, 30, 31, 33, 73, 102, 119, 145, 156, 170, 185, 196, 197, 230, 233, 240, 241, 242], "summary": {"covered_lines": 33, "num_statements": 33, "percent_covered": 100.0, "percent_covered_display": "100", "missing_lines": 0, "excluded_lines": 0, "percent_statements_covered": 100.0, "percent_statements_covered_display": "100"}, "missing_lines": [], "excluded_lines": []}}}}, "totals": {"covered_lines": 642, "num_statements": 686, "percent_covered": 93.58600583090379, "percent_covered_display": "94", "missing_lines": 44, "excluded_lines": 0, "percent_statements_covered": 93.58600583090379, "percent_statements_covered_display": "94"}}